Log file open, 09/26/18 20:16:19
LogWindows: Failed to load 'aqProf.dll' (GetLastError=126)
LogWindows: File 'aqProf.dll' does not exist
LogWindows: Failed to load 'VSPerf140.dll' (GetLastError=126)
LogWindows: File 'VSPerf140.dll' does not exist
LogWindows: Failed to load 'VtuneApi.dll' (GetLastError=126)
LogWindows: File 'VtuneApi.dll' does not exist
LogWindows: Failed to load 'VtuneApi32e.dll' (GetLastError=126)
LogWindows: File 'VtuneApi32e.dll' does not exist
LogInit: Display: Running engine for game: ds_3010_oca2_ex
LogPlatformFile: Not using cached read wrapper
LogTaskGraph: Started task graph with 5 named threads and 23 total threads with 3 sets of task threads.
LogStats: Stats thread started at 0.375353
LogD3D11RHI: Loaded GFSDK_Aftermath_Lib.x64.dll
LogICUInternationalization: Display: ICU TimeZone Detection - Raw Offset: -7:00, Platform Override: ''
LogPluginManager: Mounting plugin Paper2D
LogPluginManager: Mounting plugin AISupport
LogPluginManager: Mounting plugin LightPropagationVolume
LogPluginManager: Mounting plugin CLionSourceCodeAccess
LogPluginManager: Mounting plugin CodeLiteSourceCodeAccess
LogPluginManager: Mounting plugin GitSourceControl
LogPluginManager: Mounting plugin KDevelopSourceCodeAccess
LogPluginManager: Mounting plugin NullSourceCodeAccess
LogPluginManager: Mounting plugin PerforceSourceControl
LogPluginManager: Mounting plugin SubversionSourceControl
LogPluginManager: Mounting plugin UObjectPlugin
LogPluginManager: Mounting plugin VisualStudioCodeSourceCodeAccess
LogPluginManager: Mounting plugin VisualStudioSourceCodeAccess
LogPluginManager: Mounting plugin XCodeSourceCodeAccess
LogPluginManager: Mounting plugin AssetManagerEditor
LogPluginManager: Mounting plugin CryptoKeys
LogPluginManager: Mounting plugin DataValidation
LogPluginManager: Mounting plugin EditorScriptingUtilities
LogPluginManager: Mounting plugin FacialAnimation
LogPluginManager: Mounting plugin GameplayTagsEditor
LogPluginManager: Mounting plugin MacGraphicsSwitching
LogPluginManager: Mounting plugin MeshEditor
LogPluginManager: Mounting plugin MobileLauncherProfileWizard
LogPluginManager: Mounting plugin PluginBrowser
LogPluginManager: Mounting plugin SpeedTreeImporter
LogPluginManager: Mounting plugin DatasmithContent
LogPluginManager: Mounting plugin AlembicImporter
LogPluginManager: Mounting plugin AppleImageUtils
LogPluginManager: Mounting plugin AppleVision
LogPluginManager: Mounting plugin BackChannel
LogPluginManager: Mounting plugin CharacterAI
LogPluginManager: Mounting plugin GeometryCache
LogPluginManager: Mounting plugin HTML5Networking
LogPluginManager: Mounting plugin ProxyLODPlugin
LogPluginManager: Mounting plugin MagicLeap
LogPluginManager: Mounting plugin MagicLeapEmulator
LogPluginManager: Mounting plugin MagicLeapMedia
LogPluginManager: Mounting plugin AndroidMedia
LogPluginManager: Mounting plugin AvfMedia
LogPluginManager: Mounting plugin ImgMedia
LogPluginManager: Mounting plugin LinearTimecode
LogPluginManager: Mounting plugin MediaCompositing
LogPluginManager: Mounting plugin MediaPlayerEditor
LogPluginManager: Mounting plugin WmfMedia
LogPluginManager: Mounting plugin TcpMessaging
LogPluginManager: Mounting plugin UdpMessaging
LogPluginManager: Mounting plugin ActorSequence
LogPluginManager: Mounting plugin LevelSequenceEditor
LogPluginManager: Mounting plugin MatineeToLevelSequence
LogPluginManager: Mounting plugin NetcodeUnitTest
LogPluginManager: Mounting plugin NUTUnrealEngine4
LogPluginManager: Mounting plugin OnlineSubsystemGooglePlay
LogPluginManager: Mounting plugin OnlineSubsystemIOS
LogPluginManager: Mounting plugin OnlineSubsystem
LogPluginManager: Mounting plugin OnlineSubsystemNull
LogPluginManager: Mounting plugin OnlineSubsystemUtils
LogPluginManager: Mounting plugin LauncherChunkInstaller
LogPluginManager: Mounting plugin AndroidDeviceProfileSelector
LogPluginManager: Mounting plugin AndroidMoviePlayer
LogPluginManager: Mounting plugin AndroidPermission
LogPluginManager: Mounting plugin AppleMoviePlayer
LogPluginManager: Mounting plugin ArchVisCharacter
LogPluginManager: Mounting plugin AudioCapture
LogPluginManager: Mounting plugin CableComponent
LogPluginManager: Mounting plugin CustomMeshComponent
LogPluginManager: Mounting plugin EditableMesh
LogPluginManager: Mounting plugin ExampleDeviceProfileSelector
LogPluginManager: Mounting plugin GoogleCloudMessaging
LogPluginManager: Mounting plugin ImmediatePhysics
LogPluginManager: Mounting plugin IOSDeviceProfileSelector
LogPluginManager: Mounting plugin LinuxDeviceProfileSelector
LogPluginManager: Mounting plugin LocationServicesBPLibrary
LogPluginManager: Mounting plugin MobilePatchingUtils
LogPluginManager: Mounting plugin OculusVR
LogPluginManager: Plugin shader directory ../../../Engine/Plugins/Runtime/Oculus/OculusVR/Shaders found
LogPluginManager: Mapping shader source directory ../../../Engine/Plugins/Runtime/Oculus/OculusVR/Shaders to virtual directory /Plugin/OculusVR
LogPluginManager: Mounting plugin PhysXVehicles
LogPluginManager: Mounting plugin ProceduralMeshComponent
LogPluginManager: Mounting plugin RuntimePhysXCooking
LogPluginManager: Mounting plugin SteamVR
LogPluginManager: Mounting plugin WindowsMoviePlayer
LogPluginManager: Mounting plugin DatasmithCADImporter
LogPluginManager: Mounting plugin DatasmithFBXImporter
LogPluginManager: Mounting plugin DatasmithImporter
LogPluginManager: Mounting plugin DatasmithMDLImporter
LogPluginManager: Mounting plugin StaticMeshEditorExtension
LogStreaming: Display: Took  0.790s to configure plugins.
LogInit: Using libcurl 7.55.1-DEV
LogInit:  - built for x86_64-pc-win32
LogInit:  - supports SSL with OpenSSL/1.0.2h
LogInit:  - supports HTTP deflate (compression) using libz 1.2.8
LogInit:  - other features:
LogInit:      CURL_VERSION_SSL
LogInit:      CURL_VERSION_LIBZ
LogInit:      CURL_VERSION_IPV6
LogInit:      CURL_VERSION_ASYNCHDNS
LogInit:      CURL_VERSION_LARGEFILE
LogInit:      CURL_VERSION_IDN
LogInit:  CurlRequestOptions (configurable via config and command line):
LogInit:  - bVerifyPeer = false  - Libcurl will NOT verify peer certificate
LogInit:  - bUseHttpProxy = false  - Libcurl will NOT use HTTP proxy
LogInit:  - bDontReuseConnections = false  - Libcurl will reuse connections
LogInit:  - CertBundlePath = nullptr  - Libcurl will use whatever was configured at build time.
LogInit:  - MaxHostConnections = 16  - Libcurl will limit the number of connections to a host
LogInit:  - LocalHostAddr = Default
LogInit:  - BufferSize = 65536
LogInit: WinSock: version 1.1 (2.2), MaxSocks=32767, MaxUdp=65467
LogInit: Build: ++UE4+Release-4.20-CL-4302132
LogInit: Engine Version: 4.20.2-4302132+++UE4+Release-4.20
LogInit: Compatible Engine Version: 4.20.0-4212847+++UE4+Release-4.20
LogInit: Net CL: 4212847
LogInit: OS: Windows 10 (), CPU: Intel(R) Core(TM) i7-6700HQ CPU @ 2.60GHz, GPU: Intel(R) HD Graphics 530
LogInit: Compiled (64-bit): Aug 21 2018 02:06:06
LogInit: Compiled with Visual C++: 19.13.26129.00
LogInit: Build Configuration: Development
LogInit: Branch Name: ++UE4+Release-4.20
LogInit: Command Line: 
LogInit: Base Directory: C:/Program Files/Epic Games/UE_4.20/Engine/Binaries/Win64/
LogInit: Installed Engine Build: 1
LogDevObjectVersion: Number of dev versions registered: 20
LogDevObjectVersion:   Dev-Blueprints (B0D832E4-1F89-4F0D-ACCF-7EB736FD4AA2): 10
LogDevObjectVersion:   Dev-Build (E1C64328-A22C-4D53-A36C-8E866417BD8C): 0
LogDevObjectVersion:   Dev-Core (375EC13C-06E4-48FB-B500-84F0262A717E): 2
LogDevObjectVersion:   Dev-Editor (E4B068ED-F494-42E9-A231-DA0B2E46BB41): 24
LogDevObjectVersion:   Dev-Framework (CFFC743F-43B0-4480-9391-14DF171D2073): 34
LogDevObjectVersion:   Dev-Mobile (B02B49B5-BB20-44E9-A304-32B752E40360): 2
LogDevObjectVersion:   Dev-Networking (A4E4105C-59A1-49B5-A7C5-40C4547EDFEE): 0
LogDevObjectVersion:   Dev-Online (39C831C9-5AE6-47DC-9A44-9C173E1C8E7C): 0
LogDevObjectVersion:   Dev-Physics (78F01B33-EBEA-4F98-B9B4-84EACCB95AA2): 0
LogDevObjectVersion:   Dev-Platform (6631380F-2D4D-43E0-8009-CF276956A95A): 0
LogDevObjectVersion:   Dev-Rendering (12F88B9F-8875-4AFC-A67C-D90C383ABD29): 26
LogDevObjectVersion:   Dev-Sequencer (7B5AE74C-D270-4C10-A958-57980B212A5A): 9
LogDevObjectVersion:   Dev-VR (D7296918-1DD6-4BDD-9DE2-64A83CC13884): 2
LogDevObjectVersion:   Dev-LoadTimes (C2A15278-BFE7-4AFE-6C17-90FF531DF755): 1
LogDevObjectVersion:   Private-Geometry (6EACA3D4-40EC-4CC1-B786-8BED09428FC5): 3
LogDevObjectVersion:   Dev-AnimPhys (29E575DD-E0A3-4627-9D10-D276232CDCEA): 17
LogDevObjectVersion:   Dev-ReflectionCapture (6B266CEC-1EC7-4B8F-A30B-E4D90942FC07): 1
LogDevObjectVersion:   Dev-Automation (0DF73D61-A23F-47EA-B727-89E90C41499A): 1
LogDevObjectVersion:   FortniteMain (601D1886-AC64-4F84-AA16-D3DE0DEAC7D6): 12
LogDevObjectVersion:   Dev-Enterprise (9DFFBCD6-494F-0158-E221-12823C92A888): 1
LogStreaming: Display: Took  0.001s to delete old logs.
LogInit: Presizing for max 8388607 objects, including 0 objects not considered by GC, pre-allocating 0 bytes for permanent pool.
LogInit: Object subsystem initialized
[2018.09.27-02.16.21:040][  0]LogInit: Selected Device Profile: [Windows]
[2018.09.27-02.16.21:040][  0]LogInit: Applying CVar settings loaded from the selected device profile: [Windows]
[2018.09.27-02.16.21:131][  0]LogHAL: Display: Platform has ~ 8 GB [8449216512 / 8589934592 / 8], which maps to Default [LargestMinGB=32, LargerMinGB=12, DefaultMinGB=8, SmallerMinGB=6, SmallestMinGB=0)
[2018.09.27-02.16.21:131][  0]LogInit: Setting Device Profile CVar: [[r.Vulkan.UseRealUBs:1]]
[2018.09.27-02.16.21:131][  0]LogInit: Going up to parent DeviceProfile []
[2018.09.27-02.16.21:132][  0]LogInit: Computer: DESKTOP-M2N1CRN
[2018.09.27-02.16.21:132][  0]LogInit: User: shado
[2018.09.27-02.16.21:132][  0]LogInit: CPU Page size=4096, Cores=4
[2018.09.27-02.16.21:132][  0]LogInit: High frequency timer resolution =2.531249 MHz
[2018.09.27-02.16.21:133][  0]LogMemory: Memory total: Physical=7.9GB (8GB approx)
[2018.09.27-02.16.21:133][  0]LogMemory: Platform Memory Stats for Windows
[2018.09.27-02.16.21:133][  0]LogMemory: Process Physical Memory: 99.38 MB used, 99.38 MB peak
[2018.09.27-02.16.21:133][  0]LogMemory: Process Virtual Memory: 90.79 MB used, 90.79 MB peak
[2018.09.27-02.16.21:133][  0]LogMemory: Physical Memory: 4961.12 MB used,  3096.68 MB free, 8057.80 MB total
[2018.09.27-02.16.21:133][  0]LogMemory: Virtual Memory: 4640.12 MB used,  3096.68 MB free, 134217728.00 MB total
[2018.09.27-02.16.21:182][  0]LogInit: Using OS detected language (en-US).
[2018.09.27-02.16.21:182][  0]LogInit: Using OS detected locale (en-US).
[2018.09.27-02.16.21:184][  0]LogTextLocalizationManager: No specific localization for 'en-US' exists, so the 'en' localization will be used.
[2018.09.27-02.16.21:923][  0]LogStreaming: Display: Took  0.742s to InitEngineTextLocalization.
[2018.09.27-02.16.21:923][  0]LogInit: Setting process to per monitor DPI aware
[2018.09.27-02.16.21:966][  0]LogSlate: New Slate User Created.  User Index 0, Is Virtual User: 0
[2018.09.27-02.16.21:966][  0]LogSlate: Slate User Registered.  User Index 0, Is Virtual User: 0
[2018.09.27-02.16.22:245][  0]LogHMD: Failed to initialize OpenVR with code 110
[2018.09.27-02.16.22:245][  0]LogD3D11RHI: D3D11 adapters:
[2018.09.27-02.16.22:318][  0]LogD3D11RHI:    0. 'NVIDIA GeForce GTX 970M' (Feature Level 11_0)
[2018.09.27-02.16.22:318][  0]LogD3D11RHI:       3029/0/4028 MB DedicatedVideo/DedicatedSystem/SharedSystem, Outputs:1, VendorId:0x10de
[2018.09.27-02.16.22:328][  0]LogD3D11RHI:    1. 'Intel(R) HD Graphics 530' (Feature Level 11_0)
[2018.09.27-02.16.22:328][  0]LogD3D11RHI:       128/0/4028 MB DedicatedVideo/DedicatedSystem/SharedSystem, Outputs:0, VendorId:0x8086
[2018.09.27-02.16.22:331][  0]LogD3D11RHI:    2. 'Microsoft Basic Render Driver' (Feature Level 11_0)
[2018.09.27-02.16.22:331][  0]LogD3D11RHI:       0/0/4028 MB DedicatedVideo/DedicatedSystem/SharedSystem, Outputs:0, VendorId:0x1414
[2018.09.27-02.16.22:331][  0]LogD3D11RHI: Chosen D3D11 Adapter: 0
[2018.09.27-02.16.22:373][  0]LogD3D11RHI: Creating new Direct3DDevice
[2018.09.27-02.16.22:373][  0]LogD3D11RHI:     GPU DeviceId: 0x13d8 (for the marketing name, search the web for "GPU Device Id")
[2018.09.27-02.16.22:373][  0]LogWindows: EnumDisplayDevices:
[2018.09.27-02.16.22:373][  0]LogWindows:    0. 'Intel(R) HD Graphics 530' (P:1 D:1)
[2018.09.27-02.16.22:373][  0]LogWindows:    1. 'Intel(R) HD Graphics 530' (P:0 D:0)
[2018.09.27-02.16.22:374][  0]LogWindows:    2. 'Intel(R) HD Graphics 530' (P:0 D:0)
[2018.09.27-02.16.22:374][  0]LogWindows:    3. 'NVIDIA GeForce GTX 970M' (P:0 D:0)
[2018.09.27-02.16.22:374][  0]LogWindows: DebugString: PrimaryIsNotTheChoosenAdapter PrimaryIsNotTheChoosenAdapter PrimaryIsNotTheChoosenAdapter 
[2018.09.27-02.16.22:374][  0]LogD3D11RHI:     Adapter Name: NVIDIA GeForce GTX 970M
[2018.09.27-02.16.22:374][  0]LogD3D11RHI:   Driver Version: 398.82 (internal:24.21.13.9882, unified:398.82)
[2018.09.27-02.16.22:374][  0]LogD3D11RHI:      Driver Date: 7-30-2018
[2018.09.27-02.16.22:374][  0]LogRHI: Texture pool is 2120 MB (70% of 3029 MB)
[2018.09.27-02.16.22:424][  0]LogD3D11RHI: Async texture creation enabled
[2018.09.27-02.16.22:496][  0]LogD3D11RHI: GPU Timing Frequency: 1000.000000 (Debug: 2 2)
[2018.09.27-02.16.22:497][  0]LogShaderCompilers: Guid format shader working directory is -52 characters bigger than the processId version (../../../../../../Users/shado/Documents/School/Fall 2018/EAE 3010/ds_3010_oca2_ps/ds_3010_oca2_ex/Intermediate/Shaders/WorkingDirectory/10640/).
[2018.09.27-02.16.22:497][  0]LogShaderCompilers: Cleaned the shader compiler working directory 'C:/Users/shado/AppData/Local/Temp/UnrealShaderWorkingDir/3A3798EF43CF33A64055B9AE554494EC/'.
[2018.09.27-02.16.22:948][  0]LogTemp: Display: Loaded TP AllDesktopTargetPlatform
[2018.09.27-02.16.22:965][  0]LogTemp: Display: Loaded TP MacClientTargetPlatform
[2018.09.27-02.16.22:985][  0]LogTemp: Display: Loaded TP MacNoEditorTargetPlatform
[2018.09.27-02.16.23:007][  0]LogTemp: Display: Loaded TP MacServerTargetPlatform
[2018.09.27-02.16.23:026][  0]LogTemp: Display: Loaded TP MacTargetPlatform
[2018.09.27-02.16.23:058][  0]LogTemp: Display: Loaded TP WindowsClientTargetPlatform
[2018.09.27-02.16.23:077][  0]LogTemp: Display: Loaded TP WindowsNoEditorTargetPlatform
[2018.09.27-02.16.23:097][  0]LogTemp: Display: Loaded TP WindowsServerTargetPlatform
[2018.09.27-02.16.23:107][  0]LogTemp: Display: Loaded TP WindowsTargetPlatform
[2018.09.27-02.16.23:216][  0]LogTemp: Display: Loaded TP AndroidTargetPlatform
[2018.09.27-02.16.23:216][  0]LogTemp: Display: Loaded TP AndroidTargetPlatform
[2018.09.27-02.16.23:216][  0]LogTemp: Display: Loaded TP AndroidTargetPlatform
[2018.09.27-02.16.23:216][  0]LogTemp: Display: Loaded TP AndroidTargetPlatform
[2018.09.27-02.16.23:216][  0]LogTemp: Display: Loaded TP AndroidTargetPlatform
[2018.09.27-02.16.23:216][  0]LogTemp: Display: Loaded TP AndroidTargetPlatform
[2018.09.27-02.16.23:216][  0]LogTemp: Display: Loaded TP AndroidTargetPlatform
[2018.09.27-02.16.23:216][  0]LogTemp: Display: Loaded TP AndroidTargetPlatform
[2018.09.27-02.16.23:216][  0]LogTemp: Display: Loaded TP AndroidTargetPlatform
[2018.09.27-02.16.23:216][  0]LogTemp: Display: Loaded TP AndroidTargetPlatform
[2018.09.27-02.16.23:216][  0]LogTemp: Display: Loaded TP AndroidTargetPlatform
[2018.09.27-02.16.23:216][  0]LogTemp: Display: Loaded TP AndroidTargetPlatform
[2018.09.27-02.16.23:216][  0]LogTemp: Display: Loaded TP AndroidTargetPlatform
[2018.09.27-02.16.23:216][  0]LogTemp: Display: Loaded TP AndroidTargetPlatform
[2018.09.27-02.16.23:216][  0]LogTemp: Display: Loaded TP AndroidTargetPlatform
[2018.09.27-02.16.23:216][  0]LogTemp: Display: Loaded TP AndroidTargetPlatform
[2018.09.27-02.16.23:216][  0]LogTemp: Display: Loaded TP AndroidTargetPlatform
[2018.09.27-02.16.23:216][  0]LogTemp: Display: Loaded TP AndroidTargetPlatform
[2018.09.27-02.16.23:218][  0]LogTemp: Display: Loaded TP HTML5TargetPlatform
[2018.09.27-02.16.23:289][  0]LogTemp: Display: Loaded TP IOSTargetPlatform
[2018.09.27-02.16.23:289][  0]LogTemp: Display: Loaded TP IOSTargetPlatform
[2018.09.27-02.16.23:319][  0]LogTemp: Display: Loaded TP TVOSTargetPlatform
[2018.09.27-02.16.23:319][  0]LogTemp: Display: Loaded TP TVOSTargetPlatform
[2018.09.27-02.16.23:332][  0]LogTemp: Display: Loaded TP LinuxClientTargetPlatform
[2018.09.27-02.16.23:349][  0]LogTemp: Display: Loaded TP LinuxNoEditorTargetPlatform
[2018.09.27-02.16.23:365][  0]LogTemp: Display: Loaded TP LinuxServerTargetPlatform
[2018.09.27-02.16.23:380][  0]LogTemp: Display: Loaded TP LinuxTargetPlatform
[2018.09.27-02.16.23:396][  0]LogTemp: Display: Loaded TP LuminTargetPlatform
[2018.09.27-02.16.23:396][  0]LogTargetPlatformManager: Display: Building Assets For Windows
[2018.09.27-02.16.23:511][  0]LogXGEController: Cannot use XGE Controller as Incredibuild is not installed on this machine.
[2018.09.27-02.16.23:511][  0]LogShaderCompilers: Cannot use XGE Shader Compiler as Incredibuild is not installed on this machine.
[2018.09.27-02.16.23:512][  0]LogShaderCompilers: Display: Using Local Shader Compiler.
[2018.09.27-02.16.24:421][  0]LogDerivedDataCache: Display: Max Cache Size: 512 MB
[2018.09.27-02.16.24:483][  0]LogDerivedDataCache: Loaded boot cache 0.06s 72MB C:/Users/shado/AppData/Local/UnrealEngine/4.20/DerivedDataCache/Boot.ddc.
[2018.09.27-02.16.24:484][  0]LogDerivedDataCache: Display: Loaded Boot cache: C:/Users/shado/AppData/Local/UnrealEngine/4.20/DerivedDataCache/Boot.ddc
[2018.09.27-02.16.24:484][  0]LogDerivedDataCache: FDerivedDataBackendGraph:  Pak pak cache file ../../../../../../Users/shado/Documents/School/Fall 2018/EAE 3010/ds_3010_oca2_ps/ds_3010_oca2_ex/DerivedDataCache/DDC.ddp not found, will not use a pak cache.
[2018.09.27-02.16.24:484][  0]LogDerivedDataCache: Unable to find inner node Pak for hierarchical cache Hierarchy.
[2018.09.27-02.16.24:484][  0]LogDerivedDataCache: FDerivedDataBackendGraph:  CompressedPak pak cache file ../../../../../../Users/shado/Documents/School/Fall 2018/EAE 3010/ds_3010_oca2_ps/ds_3010_oca2_ex/DerivedDataCache/Compressed.ddp not found, will not use a pak cache.
[2018.09.27-02.16.24:484][  0]LogDerivedDataCache: Unable to find inner node CompressedPak for hierarchical cache Hierarchy.
[2018.09.27-02.16.24:499][  0]LogDerivedDataCache: Display: Pak cache opened for reading ../../../Engine/DerivedDataCache/Compressed.ddp.
[2018.09.27-02.16.24:511][  0]LogDerivedDataCache: Using Local data cache path C:/Users/shado/AppData/Local/UnrealEngine/Common/DerivedDataCache: Writable
[2018.09.27-02.16.24:511][  0]LogDerivedDataCache: Shared data cache path not found in *engine.ini, will not use an Shared cache.
[2018.09.27-02.16.24:511][  0]LogDerivedDataCache: Unable to find inner node Shared for hierarchical cache Hierarchy.
[2018.09.27-02.16.24:552][  0]LogMaterial: Verifying Global Shaders for PCD3D_SM5
[2018.09.27-02.16.24:554][  0]LogSlate: Using FreeType 2.6.0
[2018.09.27-02.16.24:556][  0]LogSlate: SlateFontServices - WITH_FREETYPE: 1, WITH_HARFBUZZ: 1
[2018.09.27-02.16.24:656][  0]LogAssetRegistry: FAssetRegistry took 0.0308 seconds to start up
[2018.09.27-02.16.25:054][  0]LogInit: Selected Device Profile: [Windows]
[2018.09.27-02.16.25:232][  0]LogSimplygon: Simplygon DLL not present - disabling.
[2018.09.27-02.16.25:239][  0]LogMeshReduction: Using SimplygonSwarm for distributed automatic mesh merging
[2018.09.27-02.16.25:239][  0]LogMeshReduction: Using ProxyLODMeshReduction for automatic mesh merging
[2018.09.27-02.16.25:239][  0]LogMeshReduction: Using QuadricMeshReduction for automatic static mesh reduction
[2018.09.27-02.16.25:239][  0]LogMeshReduction: No automatic skeletal mesh reduction module available
[2018.09.27-02.16.25:256][  0]LogNetVersion: ds_3010_oca2_ex 1.0.0, NetCL: 4212847, EngineNetVer: 5, GameNetVer: 0 (Checksum: 1971800644)
[2018.09.27-02.16.26:209][  0]LogPackageLocalizationCache: Processed 13 localized package path(s) for 2 prioritized culture(s) in 0.415402 seconds
[2018.09.27-02.16.26:222][  0]LogUObjectArray: 38425 objects as part of root set at end of initial load.
[2018.09.27-02.16.26:223][  0]LogUObjectAllocator: 6690864 out of 0 bytes used by permanent object pool.
[2018.09.27-02.16.26:223][  0]LogUObjectArray: CloseDisregardForGC: 0/0 objects in disregard for GC pool
[2018.09.27-02.16.28:017][  0]LogTcpMessaging: Initializing TcpMessaging bridge
[2018.09.27-02.16.28:031][  0]LogUdpMessaging: Initializing bridge on interface 0.0.0.0:0 to multicast group 230.0.0.1:6666.
[2018.09.27-02.16.28:261][  0]SourceControl: Source control is disabled
[2018.09.27-02.16.28:261][  0]SourceControl: Source control is disabled
[2018.09.27-02.16.28:268][  0]SourceControl: Source control is disabled
[2018.09.27-02.16.28:271][  0]SourceControl: Source control is disabled
[2018.09.27-02.16.28:909][  0]LogAndroidPermission: UAndroidPermissionCallbackProxy::GetInstance
[2018.09.27-02.16.29:029][  0]LogOcInput: OculusInput pre-init called
[2018.09.27-02.16.40:825][  0]LogEngine: Initializing Engine...
[2018.09.27-02.16.40:825][  0]LogHMD: Failed to initialize OpenVR with code 110
[2018.09.27-02.16.40:827][  0]LogStats: UGameplayTagsManager::ConstructGameplayTagTree: ImportINI prefixes -  0.000 s
[2018.09.27-02.16.40:827][  0]LogStats: UGameplayTagsManager::ConstructGameplayTagTree: Construct from data asset -  0.000 s
[2018.09.27-02.16.40:827][  0]LogStats: UGameplayTagsManager::ConstructGameplayTagTree: ImportINI -  0.000 s
[2018.09.27-02.16.40:827][  0]LogStats: UGameplayTagsManager::ConstructGameplayTagTree: GameplayTagTreeChangedEvent.Broadcast -  0.000 s
[2018.09.27-02.16.41:070][  0]LogInit: Initializing FReadOnlyCVARCache
[2018.09.27-02.16.41:091][  0]LogAIModule: Creating AISystem for world Untitled
[2018.09.27-02.16.41:109][  0]LogInit: XAudio2 using 'Speakers (Sound Blaster Recon3Di)' : 2 channels at 48 kHz using 32 bits per sample (channel mask 0x3)
[2018.09.27-02.16.41:140][  0]LogInit: FAudioDevice initialized.
[2018.09.27-02.16.41:140][  0]LogNetVersion: Set ProjectVersion to 1.0.0.0. Version Checksum will be recalculated on next use.
[2018.09.27-02.16.41:340][  0]LogDerivedDataCache: Saved boot cache 0.20s 72MB C:/Users/shado/AppData/Local/UnrealEngine/4.20/DerivedDataCache/Boot.ddc.
[2018.09.27-02.16.41:350][  0]LogInit: Texture streaming: Enabled
[2018.09.27-02.16.41:421][  0]LogEngineSessionManager: EngineSessionManager initialized
[2018.09.27-02.16.41:458][  0]LogInit: Transaction tracking system initialized
[2018.09.27-02.16.41:499][  0]BlueprintLog: New page: Editor Load
[2018.09.27-02.16.41:649][  0]LocalizationService: Localization service is disabled
[2018.09.27-02.16.42:066][  0]LogCook: Display: Max memory allowance for cook 16384mb min free memory 0mb
[2018.09.27-02.16.42:066][  0]LogCook: Display: Mobile HDR setting 1
[2018.09.27-02.16.42:067][  0]LogGameplayTags: Display: UGameplayTagsManager::DoneAddingNativeTags. DelegateIsBound: 0
[2018.09.27-02.16.42:067][  0]LogStats: UGameplayTagsManager::ConstructGameplayTagTree: ImportINI prefixes -  0.000 s
[2018.09.27-02.16.42:067][  0]LogStats: UGameplayTagsManager::ConstructGameplayTagTree: Construct from data asset -  0.000 s
[2018.09.27-02.16.42:067][  0]LogStats: UGameplayTagsManager::ConstructGameplayTagTree: ImportINI -  0.000 s
[2018.09.27-02.16.42:067][  0]LogStats: UGameplayTagsManager::ConstructGameplayTagTree: GameplayTagTreeChangedEvent.Broadcast -  0.000 s
[2018.09.27-02.16.43:183][  0]LogFileCache: Scanning file cache for directory 'C:/Users/shado/Documents/School/Fall 2018/EAE 3010/ds_3010_oca2_ps/ds_3010_oca2_ex/Content/' took 0.02s
[2018.09.27-02.16.47:429][  0]SourceControl: Source control is disabled
[2018.09.27-02.16.47:588][  0]LightingResults: New page: Lighting Build
[2018.09.27-02.16.47:599][  0]MapCheck: New page: Map Check
[2018.09.27-02.16.47:599][  0]LightingResults: New page: Lighting Build
[2018.09.27-02.16.53:895][  0]LogAIModule: Creating AISystem for world ThirdPersonExampleMap
[2018.09.27-02.16.54:087][  0]LogEditorServer: Finished looking for orphan Actors (0.000 secs)
[2018.09.27-02.16.54:151][  0]Cmd: MAP CHECKDEP NOCLEARLOG
[2018.09.27-02.16.54:280][  0]MapCheck: Map check complete: 0 Error(s), 0 Warning(s), took 128.544ms to complete.
[2018.09.27-02.16.54:280][  0]LogFileHelpers: Loading map 'ThirdPersonExampleMap' took 6.851
[2018.09.27-02.16.55:133][  0]LogSlate: Updating window title bar state: overlay mode, drag disabled, window buttons hidden, title bar hidden
[2018.09.27-02.16.55:169][  0]LogSlate: Updating window title bar state: overlay mode, drag disabled, window buttons hidden, title bar hidden
[2018.09.27-02.16.55:194][  0]LogSlate: Updating window title bar state: overlay mode, drag disabled, window buttons hidden, title bar hidden
[2018.09.27-02.16.55:218][  0]LogSlate: Updating window title bar state: overlay mode, drag disabled, window buttons hidden, title bar hidden
[2018.09.27-02.16.55:266][  0]LogCollectionManager: Loaded 0 collections in 0.008876 seconds
[2018.09.27-02.16.55:408][  0]LogFileCache: Scanning file cache for directory 'C:/Users/shado/Documents/School/Fall 2018/EAE 3010/ds_3010_oca2_ps/ds_3010_oca2_ex/Saved/Collections/' took 0.01s
[2018.09.27-02.16.55:408][  0]LogFileCache: Scanning file cache for directory 'C:/Users/shado/Documents/School/Fall 2018/EAE 3010/ds_3010_oca2_ps/ds_3010_oca2_ex/Content/Developers/shado/Collections/' took 0.01s
[2018.09.27-02.16.55:408][  0]LogFileCache: Scanning file cache for directory 'C:/Users/shado/Documents/School/Fall 2018/EAE 3010/ds_3010_oca2_ps/ds_3010_oca2_ex/Content/Collections/' took 0.01s
[2018.09.27-02.16.55:408][  0]LogCollectionManager: Rebuilt the GUID cache for 0 collections in 0.000001 seconds
[2018.09.27-02.16.55:440][  0]LogContentBrowser: Native class hierarchy populated in 0.0317 seconds. Added 2621 classes and 629 folders.
[2018.09.27-02.16.55:545][  0]LogContentBrowser: Native class hierarchy updated for 'WidgetCarousel' in 0.0007 seconds. Added 0 classes and 0 folders.
[2018.09.27-02.16.58:004][  0]LogContentBrowser: Native class hierarchy updated for 'AddContentDialog' in 0.0007 seconds. Added 0 classes and 0 folders.
[2018.09.27-02.16.58:092][  0]LogContentBrowser: Native class hierarchy updated for 'SceneOutliner' in 0.0008 seconds. Added 1 classes and 2 folders.
[2018.09.27-02.16.58:458][  0]LogSlate: Took 0.002504 seconds to synchronously load lazily loaded font '../../../Engine/Content/Slate/Fonts/Roboto-Regular.ttf' (155K)
[2018.09.27-02.16.58:484][  0]LogSlate: Took 0.000567 seconds to synchronously load lazily loaded font '../../../Engine/Content/Slate/Fonts/Roboto-Bold.ttf' (160K)
[2018.09.27-02.16.58:572][  0]LogSlate: Took 0.027684 seconds to synchronously load lazily loaded font '../../../Engine/Content/Editor/Slate/Fonts/FontAwesome.ttf' (139K)
[2018.09.27-02.16.59:271][  0]LogRenderer: Reallocating scene render targets to support 964x436 Format 10 NumSamples 1 (Frame:1).
[2018.09.27-02.16.59:831][  0]LogContentBrowser: Native class hierarchy updated for 'HierarchicalLODOutliner' in 0.0010 seconds. Added 0 classes and 0 folders.
[2018.09.27-02.16.59:831][  0]LogLoad: (Engine Initialization) Total time: 45.52 seconds
[2018.09.27-02.16.59:831][  0]LogLoad: (Engine Initialization) Total Blueprint compile time: 0.00 seconds
[2018.09.27-02.16.59:914][  0]LogWindowsTextInputMethodSystem: Display: IME system now deactivated.
[2018.09.27-02.16.59:965][  0]LogContentStreaming: Texture pool size now 1000 MB
[2018.09.27-02.17.00:033][  0]LogSlate: Took 0.023102 seconds to synchronously load lazily loaded font '../../../Engine/Content/Slate/Fonts/Roboto-Light.ttf' (167K)
[2018.09.27-02.17.00:303][  2]LogAssetRegistry: Asset discovery search completed in 35.6696 seconds
[2018.09.27-02.17.00:306][  2]LogCollectionManager: Rebuilt the object cache for 0 collections in 0.000001 seconds (found 0 objects)
[2018.09.27-02.17.00:306][  2]LogCollectionManager: Fixed up redirectors for 0 collections in 0.000089 seconds (updated 0 objects)
[2018.09.27-02.17.12:410][196]LogSlate: FSceneViewport::OnFocusLost() reason 0
[2018.09.27-02.17.12:711][198]LogSlate: Window 'ds_3010_oca2_ex - Unreal Editor' being destroyed
[2018.09.27-02.17.12:716][198]LogWindowsTextInputMethodSystem: Display: IME system now deactivated.
[2018.09.27-02.17.12:729][198]LogWindowsTextInputMethodSystem: Display: IME system now deactivated.
[2018.09.27-02.17.13:321][199]Cmd: QUIT_EDITOR
[2018.09.27-02.17.13:474][199]LogExit: Preparing to exit.
[2018.09.27-02.17.14:320][199]LogExit: Editor shut down
[2018.09.27-02.17.14:320][199]LogExit: Transaction tracking system shut down
[2018.09.27-02.17.14:970][199]LogExit: Object subsystem successfully closed.
[2018.09.27-02.17.15:014][199]LogShaderCompilers: Display: Shaders left to compile 0
[2018.09.27-02.17.15:024][199]LogD3D11RHI: Shutdown
[2018.09.27-02.17.15:024][199]LogD3D11RHI: CleanupD3DDevice
[2018.09.27-02.17.15:027][199]LogD3D11RHI: ~FD3D11DynamicRHI
[2018.09.27-02.17.15:104][199]LogModuleManager: Shutting down and abandoning module HierarchicalLODOutliner (628)
[2018.09.27-02.17.15:104][199]LogModuleManager: Shutting down and abandoning module SceneOutliner (626)
[2018.09.27-02.17.15:104][199]LogModuleManager: Shutting down and abandoning module AddContentDialog (624)
[2018.09.27-02.17.15:105][199]LogModuleManager: Shutting down and abandoning module WidgetCarousel (623)
[2018.09.27-02.17.15:105][199]LogModuleManager: Shutting down and abandoning module EditorWidgets (620)
[2018.09.27-02.17.15:105][199]LogModuleManager: Shutting down and abandoning module CollectionManager (618)
[2018.09.27-02.17.15:105][199]LogModuleManager: Shutting down and abandoning module StatsViewer (616)
[2018.09.27-02.17.15:105][199]LogModuleManager: Shutting down and abandoning module FoliageEdit (614)
[2018.09.27-02.17.15:105][199]LogModuleManager: Shutting down and abandoning module LandscapeEditor (612)
[2018.09.27-02.17.15:105][199]LogModuleManager: Shutting down and abandoning module MeshPaintMode (610)
[2018.09.27-02.17.15:105][199]LogModuleManager: Shutting down and abandoning module SceneDepthPickerMode (608)
[2018.09.27-02.17.15:105][199]LogModuleManager: Shutting down and abandoning module ActorPickerMode (606)
[2018.09.27-02.17.15:105][199]LogModuleManager: Shutting down and abandoning module GeometryMode (604)
[2018.09.27-02.17.15:105][199]LogModuleManager: Shutting down and abandoning module TextureAlignMode (602)
[2018.09.27-02.17.15:105][199]LogModuleManager: Shutting down and abandoning module BspMode (600)
[2018.09.27-02.17.15:105][199]LogModuleManager: Shutting down and abandoning module PIEPreviewDeviceProfileSelector (598)
[2018.09.27-02.17.15:105][199]LogModuleManager: Shutting down and abandoning module SequenceRecorderSections (596)
[2018.09.27-02.17.15:105][199]LogModuleManager: Shutting down and abandoning module AutomationWorker (594)
[2018.09.27-02.17.15:105][199]LogModuleManager: Shutting down and abandoning module DatasmithFBXImporter (592)
[2018.09.27-02.17.15:113][199]LogModuleManager: Shutting down and abandoning module DatasmithDeltaGenImporter (590)
[2018.09.27-02.17.15:113][199]LogModuleManager: Shutting down and abandoning module DatasmithVREDImporter (588)
[2018.09.27-02.17.15:113][199]LogModuleManager: Shutting down and abandoning module AudioCaptureEditor (586)
[2018.09.27-02.17.15:113][199]LogModuleManager: Shutting down and abandoning module SequenceRecorder (585)
[2018.09.27-02.17.15:113][199]LogModuleManager: Shutting down and abandoning module MatineeToLevelSequence (582)
[2018.09.27-02.17.15:114][199]LogModuleManager: Shutting down and abandoning module LevelSequenceEditor (580)
[2018.09.27-02.17.15:114][199]LogModuleManager: Shutting down and abandoning module PlacementMode (579)
[2018.09.27-02.17.15:114][199]LogModuleManager: Shutting down and abandoning module MaterialEditor (578)
[2018.09.27-02.17.15:114][199]LogModuleManager: Shutting down and abandoning module WmfMediaFactory (574)
[2018.09.27-02.17.15:114][199]LogModuleManager: Shutting down and abandoning module WmfMediaEditor (572)
[2018.09.27-02.17.15:114][199]LogModuleManager: Shutting down and abandoning module MediaPlayerEditor (570)
[2018.09.27-02.17.15:114][199]LogModuleManager: Shutting down and abandoning module OpenExrWrapper (568)
[2018.09.27-02.17.15:114][199]LogModuleManager: Shutting down and abandoning module ImgMediaFactory (566)
[2018.09.27-02.17.15:114][199]LogModuleManager: Shutting down and abandoning module ImgMediaEditor (564)
[2018.09.27-02.17.15:114][199]LogModuleManager: Shutting down and abandoning module AvfMediaFactory (562)
[2018.09.27-02.17.15:114][199]LogModuleManager: Shutting down and abandoning module AvfMediaEditor (560)
[2018.09.27-02.17.15:114][199]LogModuleManager: Shutting down and abandoning module AndroidMediaFactory (558)
[2018.09.27-02.17.15:114][199]LogModuleManager: Shutting down and abandoning module AndroidMediaEditor (556)
[2018.09.27-02.17.15:114][199]LogModuleManager: Shutting down and abandoning module MagicLeapCameraPreviewFactory (554)
[2018.09.27-02.17.15:114][199]LogModuleManager: Shutting down and abandoning module MagicLeapMediaFactory (552)
[2018.09.27-02.17.15:114][199]LogModuleManager: Shutting down and abandoning module MagicLeapMediaEditor (550)
[2018.09.27-02.17.15:114][199]LogModuleManager: Shutting down and abandoning module CharacterAI (548)
[2018.09.27-02.17.15:114][199]LogModuleManager: Shutting down and abandoning module SmartSnapping (546)
[2018.09.27-02.17.15:114][199]LogModuleManager: Shutting down and abandoning module SessionServices (544)
[2018.09.27-02.17.15:114][199]LogModuleManager: Shutting down and abandoning module ViewportSnapping (542)
[2018.09.27-02.17.15:114][199]LogModuleManager: Shutting down and abandoning module ViewportInteraction (540)
[2018.09.27-02.17.15:114][199]LogModuleManager: Shutting down and abandoning module ClothPainter (538)
[2018.09.27-02.17.15:114][199]LogModuleManager: Shutting down and abandoning module SkeletalMeshEditor (537)
[2018.09.27-02.17.15:114][199]LogModuleManager: Shutting down and abandoning module LogVisualizer (534)
[2018.09.27-02.17.15:114][199]LogModuleManager: Shutting down and abandoning module IntroTutorials (532)
[2018.09.27-02.17.15:114][199]LogModuleManager: Shutting down and abandoning module GameProjectGeneration (531)
[2018.09.27-02.17.15:114][199]LogModuleManager: Shutting down and abandoning module LuminPlatformEditor (528)
[2018.09.27-02.17.15:114][199]LogModuleManager: Shutting down and abandoning module IOSPlatformEditor (526)
[2018.09.27-02.17.15:114][199]LogModuleManager: Shutting down and abandoning module HTML5PlatformEditor (524)
[2018.09.27-02.17.15:114][199]LogModuleManager: Shutting down and abandoning module AndroidPlatformEditor (522)
[2018.09.27-02.17.15:115][199]LogModuleManager: Shutting down and abandoning module AndroidDeviceDetection (521)
[2018.09.27-02.17.15:717][199]LogModuleManager: Shutting down and abandoning module WindowsPlatformEditor (518)
[2018.09.27-02.17.15:717][199]LogModuleManager: Shutting down and abandoning module LuminRuntimeSettings (516)
[2018.09.27-02.17.15:717][199]LogModuleManager: Shutting down and abandoning module IOSRuntimeSettings (514)
[2018.09.27-02.17.15:717][199]LogModuleManager: Shutting down and abandoning module AndroidRuntimeSettings (512)
[2018.09.27-02.17.15:717][199]LogModuleManager: Shutting down and abandoning module InputBindingEditor (510)
[2018.09.27-02.17.15:718][199]LogModuleManager: Shutting down and abandoning module MergeActors (508)
[2018.09.27-02.17.15:718][199]LogModuleManager: Shutting down and abandoning module LocalizationDashboard (506)
[2018.09.27-02.17.15:718][199]LogModuleManager: Shutting down and abandoning module LocalizationService (505)
[2018.09.27-02.17.15:718][199]LogModuleManager: Shutting down and abandoning module HardwareTargeting (502)
[2018.09.27-02.17.15:718][199]LogModuleManager: Shutting down and abandoning module DeviceProfileEditor (500)
[2018.09.27-02.17.15:718][199]LogModuleManager: Shutting down and abandoning module UndoHistory (498)
[2018.09.27-02.17.15:718][199]LogModuleManager: Shutting down and abandoning module XmlParser (496)
[2018.09.27-02.17.15:718][199]LogModuleManager: Shutting down and abandoning module Blutility (494)
[2018.09.27-02.17.15:718][199]LogModuleManager: Shutting down and abandoning module ProjectSettingsViewer (492)
[2018.09.27-02.17.15:718][199]LogModuleManager: Shutting down and abandoning module ProjectTargetPlatformEditor (491)
[2018.09.27-02.17.15:718][199]LogModuleManager: Shutting down and abandoning module EditorSettingsViewer (488)
[2018.09.27-02.17.15:718][199]LogModuleManager: Shutting down and abandoning module SettingsEditor (486)
[2018.09.27-02.17.15:718][199]LogModuleManager: Shutting down and abandoning module ProjectLauncher (484)
[2018.09.27-02.17.15:718][199]LogModuleManager: Shutting down and abandoning module SessionFrontend (482)
[2018.09.27-02.17.15:718][199]LogModuleManager: Shutting down and abandoning module ProfilerClient (480)
[2018.09.27-02.17.15:718][199]LogModuleManager: Shutting down and abandoning module DeviceManager (478)
[2018.09.27-02.17.15:718][199]LogModuleManager: Shutting down and abandoning module TargetDeviceServices (477)
[2018.09.27-02.17.15:773][199]LogModuleManager: Shutting down and abandoning module AutomationController (474)
[2018.09.27-02.17.15:773][199]LogModuleManager: Shutting down and abandoning module AutomationWindow (472)
[2018.09.27-02.17.15:773][199]LogModuleManager: Shutting down and abandoning module Layers (470)
[2018.09.27-02.17.15:773][199]LogModuleManager: Shutting down and abandoning module ComponentVisualizers (468)
[2018.09.27-02.17.15:773][199]LogModuleManager: Shutting down and abandoning module DetailCustomizations (466)
[2018.09.27-02.17.15:773][199]LogModuleManager: Shutting down and abandoning module PackagesDialog (464)
[2018.09.27-02.17.15:773][199]LogModuleManager: Shutting down and abandoning module Persona (462)
[2018.09.27-02.17.15:773][199]LogModuleManager: Shutting down and abandoning module AnimGraph (461)
[2018.09.27-02.17.15:773][199]LogModuleManager: Shutting down and abandoning module Kismet (458)
[2018.09.27-02.17.15:773][199]LogModuleManager: Shutting down and abandoning module GraphEditor (456)
[2018.09.27-02.17.15:773][199]LogModuleManager: Shutting down and abandoning module ClassViewer (454)
[2018.09.27-02.17.15:773][199]LogModuleManager: Shutting down and abandoning module Toolbox (452)
[2018.09.27-02.17.15:773][199]LogModuleManager: Shutting down and abandoning module ModuleUI (450)
[2018.09.27-02.17.15:773][199]LogModuleManager: Shutting down and abandoning module MovieSceneTools (448)
[2018.09.27-02.17.15:773][199]LogModuleManager: Shutting down and abandoning module OutputLog (446)
[2018.09.27-02.17.15:773][199]LogModuleManager: Shutting down and abandoning module GammaUI (444)
[2018.09.27-02.17.15:773][199]LogModuleManager: Shutting down and abandoning module Documentation (442)
[2018.09.27-02.17.15:774][199]LogModuleManager: Shutting down and abandoning module MovieSceneTracks (440)
[2018.09.27-02.17.15:774][199]LogModuleManager: Shutting down and abandoning module MovieScene (438)
[2018.09.27-02.17.15:774][199]LogModuleManager: Shutting down and abandoning module StreamingPauseRendering (436)
[2018.09.27-02.17.15:774][199]LogModuleManager: Shutting down and abandoning module LauncherPlatform (434)
[2018.09.27-02.17.15:774][199]LogModuleManager: Shutting down and abandoning module AnalyticsET (432)
[2018.09.27-02.17.15:774][199]LogModuleManager: Shutting down and abandoning module PortalServices (430)
[2018.09.27-02.17.15:774][199]LogModuleManager: Shutting down and abandoning module PortalRpc (428)
[2018.09.27-02.17.15:774][199]LogModuleManager: Shutting down and abandoning module MessagingRpc (426)
[2018.09.27-02.17.15:774][199]LogModuleManager: Shutting down and abandoning module AIModule (424)
[2018.09.27-02.17.15:774][199]LogModuleManager: Shutting down and abandoning module GameplayDebugger (423)
[2018.09.27-02.17.15:774][199]LogModuleManager: Shutting down and abandoning module AITestSuite (421)
[2018.09.27-02.17.15:774][199]LogModuleManager: Shutting down and abandoning module NavigationSystem (419)
[2018.09.27-02.17.15:774][199]LogModuleManager: Shutting down and abandoning module DesktopPlatform (416)
[2018.09.27-02.17.15:774][199]LogModuleManager: Shutting down and abandoning module ProfilerService (414)
[2018.09.27-02.17.15:838][199]LogModuleManager: Shutting down and abandoning module TaskGraph (412)
[2018.09.27-02.17.15:838][199]LogModuleManager: Shutting down and abandoning module DatasmithCADImporter (410)
[2018.09.27-02.17.15:839][199]LogModuleManager: Shutting down and abandoning module StaticMeshEditorExtension (408)
[2018.09.27-02.17.15:839][199]LogModuleManager: Shutting down and abandoning module StaticMeshEditor (407)
[2018.09.27-02.17.15:892][199]LogModuleManager: Shutting down and abandoning module AdvancedPreviewScene (406)
[2018.09.27-02.17.15:892][199]LogModuleManager: Shutting down and abandoning module DatasmithMDLImporter (402)
[2018.09.27-02.17.15:908][199]LogModuleManager: Shutting down and abandoning module DatasmithImporter (400)
[2018.09.27-02.17.15:915][199]LogModuleManager: Shutting down and abandoning module SteamVRController (398)
[2018.09.27-02.17.15:915][199]LogModuleManager: Shutting down and abandoning module ProceduralMeshComponentEditor (396)
[2018.09.27-02.17.15:915][199]LogModuleManager: Shutting down and abandoning module ProceduralMeshComponent (394)
[2018.09.27-02.17.15:915][199]LogModuleManager: Shutting down and abandoning module OculusInput (392)
[2018.09.27-02.17.15:915][199]LogModuleManager: Shutting down and abandoning module MobilePatchingUtils (390)
[2018.09.27-02.17.15:915][199]LogModuleManager: Shutting down and abandoning module EditableMesh (388)
[2018.09.27-02.17.15:915][199]LogModuleManager: Shutting down and abandoning module CustomMeshComponent (386)
[2018.09.27-02.17.15:915][199]LogModuleManager: Shutting down and abandoning module CableComponent (384)
[2018.09.27-02.17.15:915][199]LogModuleManager: Shutting down and abandoning module AudioCapture (382)
[2018.09.27-02.17.15:915][199]LogModuleManager: Shutting down and abandoning module ArchVisCharacter (380)
[2018.09.27-02.17.15:915][199]LogModuleManager: Shutting down and abandoning module AndroidPermission (378)
[2018.09.27-02.17.15:915][199]LogModuleManager: Shutting down and abandoning module NUTUnrealEngine4 (376)
[2018.09.27-02.17.15:915][199]LogModuleManager: Shutting down and abandoning module NetcodeUnitTest (374)
[2018.09.27-02.17.15:915][199]LogModuleManager: Shutting down and abandoning module MediaCompositingEditor (372)
[2018.09.27-02.17.15:915][199]LogModuleManager: Shutting down and abandoning module MediaCompositing (370)
[2018.09.27-02.17.15:915][199]LogModuleManager: Shutting down and abandoning module LinearTimecode (368)
[2018.09.27-02.17.15:915][199]LogModuleManager: Shutting down and abandoning module ImgMedia (366)
[2018.09.27-02.17.15:920][199]LogModuleManager: Shutting down and abandoning module HTML5Networking (364)
[2018.09.27-02.17.15:920][199]LogModuleManager: Shutting down and abandoning module GeometryCacheTracks (362)
[2018.09.27-02.17.15:920][199]LogModuleManager: Shutting down and abandoning module GeometryCacheSequencer (360)
[2018.09.27-02.17.15:920][199]LogModuleManager: Shutting down and abandoning module BackChannel (358)
[2018.09.27-02.17.15:920][199]LogModuleManager: Shutting down and abandoning module AppleVision (356)
[2018.09.27-02.17.15:920][199]LogModuleManager: Shutting down and abandoning module AppleImageUtils (354)
[2018.09.27-02.17.15:920][199]LogModuleManager: Shutting down and abandoning module AlembicImporter (352)
[2018.09.27-02.17.15:920][199]LogModuleManager: Shutting down and abandoning module AlembicLibrary (351)
[2018.09.27-02.17.15:920][199]LogModuleManager: Shutting down and abandoning module GeometryCache (350)
[2018.09.27-02.17.15:920][199]LogModuleManager: Shutting down and abandoning module GeometryCacheEd (349)
[2018.09.27-02.17.15:920][199]LogModuleManager: Shutting down and abandoning module DatasmithContentEditor (344)
[2018.09.27-02.17.15:920][199]LogModuleManager: Shutting down and abandoning module DatasmithContent (342)
[2018.09.27-02.17.15:921][199]LogModuleManager: Shutting down and abandoning module SpeedTreeImporter (340)
[2018.09.27-02.17.15:921][199]LogModuleManager: Shutting down and abandoning module PluginBrowser (338)
[2018.09.27-02.17.15:921][199]LogModuleManager: Shutting down and abandoning module MobileLauncherProfileWizard (336)
[2018.09.27-02.17.15:921][199]LogModuleManager: Shutting down and abandoning module PolygonModeling (334)
[2018.09.27-02.17.15:921][199]LogModuleManager: Shutting down and abandoning module MeshEditor (332)
[2018.09.27-02.17.15:921][199]LogModuleManager: Shutting down and abandoning module EditorScriptingUtilities (330)
[2018.09.27-02.17.15:921][199]LogModuleManager: Shutting down and abandoning module CryptoKeysOpenSSL (328)
[2018.09.27-02.17.15:921][199]LogModuleManager: Shutting down and abandoning module CryptoKeys (326)
[2018.09.27-02.17.15:921][199]LogModuleManager: Shutting down and abandoning module VisualStudioSourceCodeAccess (324)
[2018.09.27-02.17.15:921][199]LogModuleManager: Shutting down and abandoning module VisualStudioCodeSourceCodeAccess (322)
[2018.09.27-02.17.15:921][199]LogModuleManager: Shutting down and abandoning module UObjectPlugin (320)
[2018.09.27-02.17.15:921][199]LogModuleManager: Shutting down and abandoning module SubversionSourceControl (318)
[2018.09.27-02.17.15:921][199]LogModuleManager: Shutting down and abandoning module PerforceSourceControl (316)
[2018.09.27-02.17.15:921][199]LogModuleManager: Shutting down and abandoning module GitSourceControl (314)
[2018.09.27-02.17.15:921][199]LogModuleManager: Shutting down and abandoning module SourceControl (313)
[2018.09.27-02.17.15:921][199]LogModuleManager: Shutting down and abandoning module CLionSourceCodeAccess (310)
[2018.09.27-02.17.15:921][199]LogModuleManager: Shutting down and abandoning module LightPropagationVolumeEditor (308)
[2018.09.27-02.17.15:921][199]LogModuleManager: Shutting down and abandoning module PaperTiledImporter (306)
[2018.09.27-02.17.15:921][199]LogModuleManager: Shutting down and abandoning module PaperSpriteSheetImporter (304)
[2018.09.27-02.17.15:921][199]LogModuleManager: Shutting down and abandoning module Paper2DEditor (302)
[2018.09.27-02.17.15:922][199]LogModuleManager: Shutting down and abandoning module MeshPaint (301)
[2018.09.27-02.17.15:922][199]LogModuleManager: Shutting down and abandoning module RuntimePhysXCooking (298)
[2018.09.27-02.17.15:922][199]LogModuleManager: Shutting down and abandoning module PhysXVehiclesEditor (296)
[2018.09.27-02.17.15:922][199]LogModuleManager: Shutting down and abandoning module PhysXVehicles (294)
[2018.09.27-02.17.15:922][199]LogModuleManager: Shutting down and abandoning module OculusEditor (292)
[2018.09.27-02.17.15:922][199]LogModuleManager: Shutting down and abandoning module LocationServicesBPLibrary (290)
[2018.09.27-02.17.15:922][199]LogModuleManager: Shutting down and abandoning module ImmediatePhysicsEditor (288)
[2018.09.27-02.17.15:922][199]LogModuleManager: Shutting down and abandoning module ImmediatePhysics (286)
[2018.09.27-02.17.15:922][199]LogModuleManager: Shutting down and abandoning module ActorSequence (284)
[2018.09.27-02.17.15:922][199]LogModuleManager: Shutting down and abandoning module UdpMessaging (282)
[2018.09.27-02.17.16:023][199]LogModuleManager: Shutting down and abandoning module TcpMessaging (280)
[2018.09.27-02.17.16:124][199]LogModuleManager: Shutting down and abandoning module MagicLeapAudio (278)
[2018.09.27-02.17.16:124][199]LogModuleManager: Shutting down and abandoning module GameplayTagsEditor (276)
[2018.09.27-02.17.16:124][199]LogModuleManager: Shutting down and abandoning module FacialAnimationEditor (274)
[2018.09.27-02.17.16:124][199]LogModuleManager: Shutting down and abandoning module FacialAnimation (272)
[2018.09.27-02.17.16:124][199]LogModuleManager: Shutting down and abandoning module DataValidation (270)
[2018.09.27-02.17.16:124][199]LogModuleManager: Shutting down and abandoning module AssetManagerEditor (268)
[2018.09.27-02.17.16:124][199]LogModuleManager: Shutting down and abandoning module LevelEditor (267)
[2018.09.27-02.17.16:124][199]LogModuleManager: Shutting down and abandoning module PixelInspectorModule (266)
[2018.09.27-02.17.16:124][199]LogModuleManager: Shutting down and abandoning module CommonMenuExtensions (264)
[2018.09.27-02.17.16:124][199]LogModuleManager: Shutting down and abandoning module MainFrame (262)
[2018.09.27-02.17.16:125][199]LogModuleManager: Shutting down and abandoning module HotReload (261)
[2018.09.27-02.17.16:200][199]LogModuleManager: Shutting down and abandoning module ContentBrowser (257)
[2018.09.27-02.17.16:203][199]LogModuleManager: Shutting down and abandoning module TreeMap (255)
[2018.09.27-02.17.16:203][199]LogModuleManager: Shutting down and abandoning module LightPropagationVolumeRuntime (252)
[2018.09.27-02.17.16:203][199]LogModuleManager: Shutting down and abandoning module AISupportModule (250)
[2018.09.27-02.17.16:203][199]LogModuleManager: Shutting down and abandoning module Paper2D (248)
[2018.09.27-02.17.16:203][199]LogModuleManager: Shutting down and abandoning module WindowsMoviePlayer (246)
[2018.09.27-02.17.16:203][199]LogModuleManager: Shutting down and abandoning module WmfMedia (244)
[2018.09.27-02.17.16:207][199]LogModuleManager: Shutting down and abandoning module Media (243)
[2018.09.27-02.17.16:214][199]LogModuleManager: Shutting down and abandoning module PacketHandler (240)
[2018.09.27-02.17.16:214][199]LogModuleManager: Shutting down and abandoning module ClothingSystemEditor (238)
[2018.09.27-02.17.16:214][199]LogModuleManager: Shutting down and abandoning module ClothingSystemRuntime (236)
[2018.09.27-02.17.16:215][199]LogModuleManager: Shutting down and abandoning module MediaAssets (234)
[2018.09.27-02.17.16:215][199]LogModuleManager: Shutting down and abandoning module Overlay (232)
[2018.09.27-02.17.16:215][199]LogModuleManager: Shutting down and abandoning module OverlayEditor (231)
[2018.09.27-02.17.16:215][199]LogModuleManager: Shutting down and abandoning module VREditor (228)
[2018.09.27-02.17.16:215][199]LogModuleManager: Shutting down and abandoning module StringTableEditor (226)
[2018.09.27-02.17.16:215][199]LogModuleManager: Shutting down and abandoning module GameplayTasksEditor (224)
[2018.09.27-02.17.16:215][199]LogModuleManager: Shutting down and abandoning module BehaviorTreeEditor (222)
[2018.09.27-02.17.16:215][199]LogModuleManager: Shutting down and abandoning module FunctionalTesting (220)
[2018.09.27-02.17.16:216][199]LogModuleManager: Shutting down and abandoning module CollisionAnalyzer (218)
[2018.09.27-02.17.16:216][199]LogModuleManager: Shutting down and abandoning module WorkspaceMenuStructure (217)
[2018.09.27-02.17.16:216][199]LogModuleManager: Shutting down and abandoning module UMG (214)
[2018.09.27-02.17.16:216][199]LogModuleManager: Shutting down and abandoning module UMGEditor (213)
[2018.09.27-02.17.16:216][199]LogModuleManager: Shutting down and abandoning module Sequencer (212)
[2018.09.27-02.17.16:217][199]LogModuleManager: Shutting down and abandoning module MessageLog (209)
[2018.09.27-02.17.16:217][199]LogModuleManager: Shutting down and abandoning module SlateReflector (204)
[2018.09.27-02.17.16:217][199]LogModuleManager: Shutting down and abandoning module Slate (202)
[2018.09.27-02.17.16:217][199]LogModuleManager: Shutting down and abandoning module EditorStyle (200)
[2018.09.27-02.17.16:230][199]LogModuleManager: Shutting down and abandoning module MRMesh (198)
[2018.09.27-02.17.16:230][199]LogModuleManager: Shutting down and abandoning module SourceCodeAccess (196)
[2018.09.27-02.17.16:230][199]LogModuleManager: Shutting down and abandoning module HeadMountedDisplay (194)
[2018.09.27-02.17.16:230][199]LogModuleManager: Shutting down and abandoning module XAudio2 (192)
[2018.09.27-02.17.16:230][199]LogModuleManager: Shutting down and abandoning module Networking (190)
[2018.09.27-02.17.16:230][199]LogModuleManager: Shutting down and abandoning module Core (188)
[2018.09.27-02.17.16:230][199]LogModuleManager: Shutting down and abandoning module LevelSequence (186)
[2018.09.27-02.17.16:231][199]LogModuleManager: Shutting down and abandoning module KismetCompiler (184)
[2018.09.27-02.17.16:231][199]LogModuleManager: Shutting down and abandoning module MeshUtilities (182)
[2018.09.27-02.17.16:231][199]LogModuleManager: Shutting down and abandoning module MeshMergeUtilities (181)
[2018.09.27-02.17.16:231][199]LogModuleManager: Shutting down and abandoning module MeshReductionInterface (180)
[2018.09.27-02.17.16:231][199]LogModuleManager: Shutting down and abandoning module SimplygonSwarm (179)
[2018.09.27-02.17.16:231][199]LogModuleManager: Shutting down and abandoning module ProxyLODMeshReduction (177)
[2018.09.27-02.17.16:231][199]LogModuleManager: Shutting down and abandoning module SimplygonMeshReduction (175)
[2018.09.27-02.17.16:231][199]LogModuleManager: Shutting down and abandoning module QuadricMeshReduction (173)
[2018.09.27-02.17.16:231][199]LogModuleManager: Shutting down and abandoning module MaterialBaking (169)
[2018.09.27-02.17.16:231][199]LogModuleManager: Shutting down and abandoning module DirectoryWatcher (165)
[2018.09.27-02.17.16:231][199]LogModuleManager: Shutting down and abandoning module DerivedDataCache (162)
[2018.09.27-02.17.16:570][199]LogDerivedDataCache: Shutdown
[2018.09.27-02.17.16:571][199]LogModuleManager: Shutting down and abandoning module XGEController (160)
[2018.09.27-02.17.16:571][199]LogModuleManager: Shutting down and abandoning module TargetPlatform (158)
[2018.09.27-02.17.16:571][199]LogModuleManager: Shutting down and abandoning module VulkanShaderFormat (157)
[2018.09.27-02.17.16:571][199]LogModuleManager: Shutting down and abandoning module ShaderFormatVectorVM (155)
[2018.09.27-02.17.16:571][199]LogModuleManager: Shutting down and abandoning module ShaderFormatOpenGL (153)
[2018.09.27-02.17.16:571][199]LogModuleManager: Shutting down and abandoning module ShaderFormatD3D (151)
[2018.09.27-02.17.16:571][199]LogModuleManager: Shutting down and abandoning module MetalShaderFormat (149)
[2018.09.27-02.17.16:571][199]LogModuleManager: Shutting down and abandoning module TextureFormatUncompressed (147)
[2018.09.27-02.17.16:571][199]LogModuleManager: Shutting down and abandoning module TextureFormatPVR (145)
[2018.09.27-02.17.16:571][199]LogModuleManager: Shutting down and abandoning module TextureFormatDXT (143)
[2018.09.27-02.17.16:571][199]LogModuleManager: Shutting down and abandoning module TextureFormatIntelISPCTexComp (141)
[2018.09.27-02.17.16:572][199]LogModuleManager: Shutting down and abandoning module TextureFormatASTC (139)
[2018.09.27-02.17.16:572][199]LogModuleManager: Shutting down and abandoning module ImageWrapper (138)
[2018.09.27-02.17.16:572][199]LogModuleManager: Shutting down and abandoning module TextureFormatAndroid (135)
[2018.09.27-02.17.16:572][199]LogModuleManager: Shutting down and abandoning module AudioFormatOpus (133)
[2018.09.27-02.17.16:572][199]LogModuleManager: Shutting down and abandoning module AudioFormatOgg (131)
[2018.09.27-02.17.16:572][199]LogModuleManager: Shutting down and abandoning module AudioFormatADPCM (129)
[2018.09.27-02.17.16:572][199]LogModuleManager: Shutting down and abandoning module LuminTargetPlatform (127)
[2018.09.27-02.17.16:572][199]LogModuleManager: Shutting down and abandoning module LinuxTargetPlatform (125)
[2018.09.27-02.17.16:572][199]LogModuleManager: Shutting down and abandoning module LinuxServerTargetPlatform (123)
[2018.09.27-02.17.16:572][199]LogModuleManager: Shutting down and abandoning module LinuxNoEditorTargetPlatform (121)
[2018.09.27-02.17.16:572][199]LogModuleManager: Shutting down and abandoning module LinuxClientTargetPlatform (119)
[2018.09.27-02.17.16:572][199]LogModuleManager: Shutting down and abandoning module TVOSTargetPlatform (117)
[2018.09.27-02.17.16:574][199]LogModuleManager: Shutting down and abandoning module Messaging (115)
[2018.09.27-02.17.16:575][199]LogModuleManager: Shutting down and abandoning module IOSTargetPlatform (113)
[2018.09.27-02.17.16:576][199]LogModuleManager: Shutting down and abandoning module HTML5TargetPlatform (111)
[2018.09.27-02.17.16:576][199]LogModuleManager: Shutting down and abandoning module AndroidTargetPlatform (109)
[2018.09.27-02.17.16:590][199]LogModuleManager: Shutting down and abandoning module WindowsTargetPlatform (107)
[2018.09.27-02.17.16:590][199]LogModuleManager: Shutting down and abandoning module WindowsServerTargetPlatform (105)
[2018.09.27-02.17.16:591][199]LogModuleManager: Shutting down and abandoning module WindowsNoEditorTargetPlatform (103)
[2018.09.27-02.17.16:591][199]LogModuleManager: Shutting down and abandoning module WindowsClientTargetPlatform (101)
[2018.09.27-02.17.16:591][199]LogModuleManager: Shutting down and abandoning module MacTargetPlatform (99)
[2018.09.27-02.17.16:591][199]LogModuleManager: Shutting down and abandoning module MacServerTargetPlatform (97)
[2018.09.27-02.17.16:591][199]LogModuleManager: Shutting down and abandoning module MacNoEditorTargetPlatform (95)
[2018.09.27-02.17.16:591][199]LogModuleManager: Shutting down and abandoning module MacClientTargetPlatform (93)
[2018.09.27-02.17.16:591][199]LogModuleManager: Shutting down and abandoning module AllDesktopTargetPlatform (91)
[2018.09.27-02.17.16:591][199]LogModuleManager: Shutting down and abandoning module InputCore (88)
[2018.09.27-02.17.16:591][199]LogModuleManager: Shutting down and abandoning module Settings (86)
[2018.09.27-02.17.16:591][199]LogModuleManager: Shutting down and abandoning module PhysXCooking (84)
[2018.09.27-02.17.16:591][199]LogModuleManager: Shutting down and abandoning module SteamVR (82)
[2018.09.27-02.17.16:591][199]LogModuleManager: Shutting down and abandoning module OculusHMD (80)
[2018.09.27-02.17.16:591][199]LogModuleManager: Shutting down and abandoning module ExampleDeviceProfileSelector (78)
[2018.09.27-02.17.16:591][199]LogModuleManager: Shutting down and abandoning module LauncherChunkInstaller (76)
[2018.09.27-02.17.16:591][199]LogModuleManager: Shutting down and abandoning module OnlineBlueprintSupport (74)
[2018.09.27-02.17.16:591][199]LogModuleManager: Shutting down and abandoning module OnlineSubsystem (70)
[2018.09.27-02.17.16:593][199]LogModuleManager: Shutting down and abandoning module XMPP (65)
[2018.09.27-02.17.16:593][199]LogModuleManager: Shutting down and abandoning module WebSockets (64)
[2018.09.27-02.17.16:619][199]LogModuleManager: Shutting down and abandoning module HTTP (61)
[2018.09.27-02.17.16:619][199]LogHttp: Display: Http module shutting down, but needs to wait on 1 outstanding Http requests:
[2018.09.27-02.17.16:619][199]LogHttp: Display: 	verb=[POST] url=[https://datarouter.ol.epicgames.com/datarouter/api/v1/public/data?SessionID=%7B4F33FBF4-40B7-6DF9-B5B7-2C8061AD001F%7D&AppID=UEEditor.Rocket.Release&AppVersion=4.20.2-4302132%2B%2B%2BUE4%2BRelease-4.20&UserID=cbfb8f5946cd1f132391afa0cf7234a3%7C9cc6e591efe14dd5addc6b0790244d72%7Ce2f95f81-85e9-4f93-b53f-5d007e1bc089&AppEnvironment=datacollector-binary&UploadType=eteventstream] status=Processing
[2018.09.27-02.17.16:653][199]LogModuleManager: Shutting down and abandoning module SSL (60)
[2018.09.27-02.17.16:653][199]LogModuleManager: Shutting down and abandoning module MagicLeapEmulator (56)
[2018.09.27-02.17.16:653][199]LogModuleManager: Shutting down and abandoning module MagicLeapPrivileges (54)
[2018.09.27-02.17.16:653][199]LogModuleManager: Shutting down and abandoning module MagicLeapIdentity (52)
[2018.09.27-02.17.16:653][199]LogModuleManager: Shutting down and abandoning module MagicLeapHelperVulkan (50)
[2018.09.27-02.17.16:653][199]LogModuleManager: Shutting down and abandoning module MagicLeapHelperOpenGL (48)
[2018.09.27-02.17.16:653][199]LogModuleManager: Shutting down and abandoning module MagicLeapSecureStorage (46)
[2018.09.27-02.17.16:653][199]LogModuleManager: Shutting down and abandoning module MagicLeapGestures (44)
[2018.09.27-02.17.16:653][199]LogModuleManager: Shutting down and abandoning module MagicLeapEyeTracker (42)
[2018.09.27-02.17.16:653][199]LogModuleManager: Shutting down and abandoning module MagicLeapController (40)
[2018.09.27-02.17.16:653][199]LogSlate: Slate User Destroyed.  User Index 0, Is Virtual User: 0
[2018.09.27-02.17.16:654][199]LogModuleManager: Shutting down and abandoning module MagicLeap (38)
[2018.09.27-02.17.16:654][199]LogModuleManager: Shutting down and abandoning module AnimationModifiers (36)
[2018.09.27-02.17.16:654][199]LogModuleManager: Shutting down and abandoning module PropertyEditor (35)
[2018.09.27-02.17.16:654][199]LogModuleManager: Shutting down and abandoning module AudioEditor (32)
[2018.09.27-02.17.16:654][199]LogModuleManager: Shutting down and abandoning module TextureCompressor (30)
[2018.09.27-02.17.16:654][199]LogModuleManager: Shutting down and abandoning module ShaderCore (28)
[2018.09.27-02.17.16:654][199]LogModuleManager: Shutting down and abandoning module Landscape (26)
[2018.09.27-02.17.16:654][199]LogModuleManager: Shutting down and abandoning module SlateRHIRenderer (24)
[2018.09.27-02.17.16:654][199]LogModuleManager: Shutting down and abandoning module OpenGLDrv (22)
[2018.09.27-02.17.16:654][199]LogModuleManager: Shutting down and abandoning module D3D11RHI (20)
[2018.09.27-02.17.16:654][199]LogModuleManager: Shutting down and abandoning module AnimGraphRuntime (18)
[2018.09.27-02.17.16:654][199]LogModuleManager: Shutting down and abandoning module Renderer (16)
[2018.09.27-02.17.16:654][199]LogModuleManager: Shutting down and abandoning module Engine (14)
[2018.09.27-02.17.16:654][199]LogModuleManager: Shutting down and abandoning module CoreUObject (12)
[2018.09.27-02.17.16:654][199]LogModuleManager: Shutting down and abandoning module NetworkFile (10)
[2018.09.27-02.17.16:654][199]LogModuleManager: Shutting down and abandoning module CookedIterativeFile (8)
[2018.09.27-02.17.16:654][199]LogModuleManager: Shutting down and abandoning module StreamingFile (6)
[2018.09.27-02.17.16:654][199]LogModuleManager: Shutting down and abandoning module SandboxFile (4)
[2018.09.27-02.17.16:654][199]LogModuleManager: Shutting down and abandoning module PakFile (2)
[2018.09.27-02.17.16:661][199]LogExit: Exiting.
[2018.09.27-02.17.16:692][199]Log file closed, 09/26/18 20:17:16
